1
3
5
8
11
15
19
23
28
33
38
44
50
56
63
70
77
84
92
100
108
116
125
134
143
152
162
172
182
192
203
214
225
236
247
259
271
283
295
307
320
333
346
359
372
386
400
414
428
442
457
472
487
502
517
533
549
565
581
597
613
630
647
664
681
698
715
733
751
769
787
805
823
842
861
880
899
918
937
957
977
997
1017
1037
1057
1078
1099
1120
1141
1162
1183
1205
1227
1249
1271
1293
1315
1337
1360
1383
1406
1429
1452
1475
1498
1522
1546
1570
1594
1618
1642
1666
1691
1716
1741
1766
1791
1816
1841
1867
1893
1919
1945
1971
1997
2023
2050
2077
2104
2131
2158
2185
2212
2240
2268
2296
2324
2352
2380
2408
2437
2466
2495
2524
2553
2582
2611
2640
2670
2700
2730
2760
2790
2820
2850
2880
2911
2942
2973
3004
3035
3066
3097
3128
3160
3192
3224
3256
3288
3320
3352
3384
3417
3450
3483
3516
3549
3582
3615
3648
3682
3716
3750
3784
3818
3852
3886
3920
3955
3990
4025
4060
4095
4130
4165
4200
4236
4272
4308
4344
4380
4416
4452
4488
4525
4562
4599
4636
4673
4710
4747
4784
4821
4859
4897
4935
4973
5011
5049
5087
5125
5163
5202
5241
5280
5319
5358
5397
5436
5475
5514
5554
5594
5634
5674
5714
5754
5794
5834
5874
5915
5956
5997
6038
6079
6120
6161
6202
6243
6285
6327
6369
6411
6453
6495
6537
6579
6621
6664
6707
6750
6793
6836
6879
6922
6965
7008
7052
7096
7140
7184
7228
7272
7316
7360
7404
7449
7494
7539
7584
7629
7674
7719
7764
7809
7855
7901
7947
7993
8039
8085
8131
8177
8223
8269
8316
8363
8410
8457
8504
8551
8598
8645
8692
8739
8787
8835
8883
8931
8979
9027
9075
9123
9171
9219
9268
9317
9366
9415
9464
9513
9562
9611
9660
9709
9759
9809
9859
9909
9959
10009
10059
10109
10159
10209
10260
10311
10362
10413
10464
10515
10566
10617
10668
10719
10771
10823
10875
10927
10979
11031
11083
11135
11187
11239
11292
11345
11398
11451
11504
11557
11610
11663
11716
11769
11823
11877
11931
11985
12039
12093
12147
12201
12255
12309
12364
12419
12474
12529
12584
12639
12694
12749
12804
12859
12915
12971
13027
13083
13139
13195
13251
13307
13363
13419
13475
13532
13589
13646
13703
13760
13817
13874
13931
13988
14045
14102
14160
14218
14276
14334
14392
14450
14508
14566
14624
14682
14740
14799
14858
14917
14976
15035
15094
15153
15212
15271
15330
15389
15449
15509
15569
15629
15689
15749
15809
15869
15929
15989
16049
16110
16171
16232
16293
16354
16415
16476
16537
16598
16659
16720
16782
16844
16906
16968
17030
17092
17154
17216
17278
17340
17402
17465
17528
17591
17654
17717
17780
17843
17906
17969
18032
18095
18159
18223
18287
18351
18415
18479
18543
18607
18671
18735
18799
18864
18929
18994
19059
19124
19189
19254
19319
19384
19449
19514
19580
19646
19712
19778
19844
19910
19976
20042
20108
20174
20240
20307
20374
20441
20508
20575
20642
20709
20776
20843
20910
20977
21044
21112
21180
21248
21316
21384
21452
21520
21588
21656
21724
21792
21860
21929
21998
22067
22136
22205
22274
22343
22412
22481
22550
22619
22688
22758
22828
22898
22968
23038
23108
23178
23248
23318
23388
23458
23528
23599
23670
23741
23812
23883
23954
24025
24096
24167
24238
24309
24380
24452
24524
24596
24668
24740
24812
24884
24956
25028
25100
25172
25244
25317
25390
25463
25536
25609
25682
25755
25828
25901
25974
26047
26120
26194
26268
26342
26416
26490
26564
26638
26712
26786
26860
26934
27008
27083
27158
27233
27308
27383
27458
27533
27608
27683
27758
27833
27908
27984
28060
28136
28212
28288
28364
28440
28516
28592
28668
28744
28820
28897
28974
29051
29128
29205
29282
29359
29436
29513
29590
29667
29744
29822
29900
29978
30056
30134
30212
30290
30368
30446
30524
30602
30680
30759
30838
30917
30996
31075
31154
31233
31312
31391
31470
31549
31628
31707
31787
31867
31947
32027
32107
32187
32267
32347
32427
32507
32587
32667
32747
32828
32909
32990
33071
33152
33233
33314
33395
33476
33557
33638
33719
33800
33882
33964
34046
34128
34210
34292
34374
34456
34538
34620
34702
34784
34866
34949
35032
35115
35198
35281
35364
35447
35530
35613
35696
35779
35862
35945
36029
36113
36197
36281
36365
36449
36533
36617
36701
36785
36869
36953
37037
37122
37207
37292
37377
37462
37547
37632
37717
37802
37887
37972
38057
38142
38228
38314
38400
38486
38572
38658
38744
38830
38916
39002
39088
39174
39260
39347
39434
39521
39608
39695
39782
39869
39956
40043
40130
40217
40304
40391
40479
40567
40655
40743
40831
40919
41007
41095
41183
41271
41359
41447
41535
41624
41713
41802
41891
41980
42069
42158
42247
42336
42425
42514
42603
42692
42782
42872
42962
43052
43142
43232
43322
43412
43502
43592
43682
43772
43862
43953
44044
44135
44226
44317
44408
44499
44590
44681
44772
44863
44954
45045
45137
45229
45321
45413
45505
45597
45689
45781
45873
45965
46057
46149
46241
46333
46426
46519
46612
46705
46798
46891
46984
47077
47170
47263
47356
47449
47542
47635
47729
47823
47917
48011
48105
48199
48293
48387
48481
48575
48669
48763
48857
48951
49046
49141
49236
49331
49426
49521
49616
49711
49806
49901
49996
50091
50186
50281
50377
50473
50569
50665
50761
50857
50953
51049
51145
51241
51337
51433
51529
51625
51722
51819
51916
52013
52110
52207
52304
52401
52498
52595
52692
52789
52886
52983
53081
53179
53277
53375
53473
53571
53669
53767
53865
53963
54061
54159
54257
54355
54454
54553
54652
54751
54850
54949
55048
55147
55246
55345
55444
55543
55642
55741
0
0
0
0
0
0
0
0
0
0
0
0
0
0
0
0
0
0
0
0
0
0
0
0
0
0
0
0
0
0
0
0
0
0
0
0
0
0
0
0
0
0
0
0
0
0
0
0
0
0
0
0
0
0
0
0
0
0
0
0
0
0
0
0
0
0
0
0
0
0
0
0
0
0
